  test_4_20.c
D:\鹏哥c\结构与函数\结构与函数\test_4_20.c(74,2): error C2143: 语法错误: 缺少“{”(在“->”的前面)
D:\鹏哥c\结构与函数\结构与函数\test_4_20.c(74,2): error C2059: 语法错误:“->”
